<?xml version="1.0" encoding="UTF-8"?>
<!-- Generated by org.testng.reporters.JUnitReportReporter -->
<testsuite hostname="urmin" failures="0" tests="3" name="Test.SampleTest" time="10.106" errors="0" timestamp="2024-03-16T13:08:38 EDT" skipped="0">
  <testcase classname="Test.SampleTest" name="testcase1" time="2.064"/>
  <testcase classname="Test.SampleTest" name="testcase2" time="2.125"/>
  <testcase classname="Test.SampleTest" name="testcase3" time="5.917"/>
</testsuite> <!-- Test.SampleTest -->
